
> hotel-grand-eagle@0.1.0 build
> next build

⚠ Warning: Next.js inferred your workspace root, but it may not be correct.
 We detected multiple lockfiles and selected the directory of C:\Users\Laksh\package-lock.json as the root directory.
 To silence this warning, set `turbopack.root` in your Next.js config, or consider removing one of the lockfiles if it's not needed.
   See https://nextjs.org/docs/app/api-reference/config/next-config-js/turbopack#root-directory for more information.
 Detected additional lockfiles: 
   * C:\Users\Laksh\OneDrive\Documents\GitHub\hotel-grand-eagle\package-lock.json

▲ Next.js 16.1.6 (Turbopack)

  Creating an optimized production build ...
✓ Compiled successfully in 3.0s
  Running TypeScript ...
  Collecting page data using 15 workers ...
Error: Please add MONGODB_URI to .env.local!
    at module evaluation (C:\Users\Laksh\OneDrive\Documents\GitHub\hotel-grand-eagle\.next\server\chunks\[root-of-the-server]__02ea849e._.js:1:1166)
    at instantiateModule (C:\Users\Laksh\OneDrive\Documents\GitHub\hotel-grand-eagle\.next\server\chunks\[turbopack]_runtime.js:740:9)
    at getOrInstantiateModuleFromParent (C:\Users\Laksh\OneDrive\Documents\GitHub\hotel-grand-eagle\.next\server\chunks\[turbopack]_runtime.js:763:12)
    at Context.esmImport [as i] (C:\Users\Laksh\OneDrive\Documents\GitHub\hotel-grand-eagle\.next\server\chunks\[turbopack]_runtime.js:228:20)
    at module evaluation (C:\Users\Laksh\OneDrive\Documents\GitHub\hotel-grand-eagle\.next\server\chunks\[root-of-the-server]__02ea849e._.js:1:1726)
    at instantiateModule (C:\Users\Laksh\OneDrive\Documents\GitHub\hotel-grand-eagle\.next\server\chunks\[turbopack]_runtime.js:740:9)
    at instantiateRuntimeModule (C:\Users\Laksh\OneDrive\Documents\GitHub\hotel-grand-eagle\.next\server\chunks\[turbopack]_runtime.js:768:12)
    at getOrInstantiateRuntimeModule (C:\Users\Laksh\OneDrive\Documents\GitHub\hotel-grand-eagle\.next\server\chunks\[turbopack]_runtime.js:781:12)
    at Object.m (C:\Users\Laksh\OneDrive\Documents\GitHub\hotel-grand-eagle\.next\server\chunks\[turbopack]_runtime.js:790:18)
    at Object.<anonymous> (C:\Users\Laksh\OneDrive\Documents\GitHub\hotel-grand-eagle\.next\server\app\api\amenities\route.js:5:3)

> Build error occurred
Error: Failed to collect page data for /api/amenities
    at ignore-listed frames {
  type: 'Error'
}
