
> hotel-grand-eagle@0.1.0 build
> next build

⚠ Warning: Next.js inferred your workspace root, but it may not be correct.
 We detected multiple lockfiles and selected the directory of C:\Users\Laksh\package-lock.json as the root directory.
 To silence this warning, set `turbopack.root` in your Next.js config, or consider removing one of the lockfiles if it's not needed.
   See https://nextjs.org/docs/app/api-reference/config/next-config-js/turbopack#root-directory for more information.
 Detected additional lockfiles: 
   * C:\Users\Laksh\OneDrive\Documents\GitHub\hotel-grand-eagle\package-lock.json

▲ Next.js 16.1.6 (Turbopack)
- Environments: .env

  Creating an optimized production build ...
✓ Compiled successfully in 2.6s
  Running TypeScript ...
  Collecting page data using 15 workers ...
  Generating static pages using 15 workers (0/34) ...
  Generating static pages using 15 workers (8/34) 
  Generating static pages using 15 workers (16/34) 
  Generating static pages using 15 workers (25/34) 
✓ Generating static pages using 15 workers (34/34) in 445.0ms
  Finalizing page optimization ...

Route (app)
┌ ○ /
├ ○ /_not-found
├ ○ /about
├ ○ /admin
├ ƒ /api
├ ƒ /api/amenities
├ ƒ /api/amenity-categories
├ ƒ /api/availability
├ ƒ /api/bookings
├ ƒ /api/customers
├ ƒ /api/hotel-settings
├ ƒ /api/housekeeping
├ ƒ /api/lost-found
├ ƒ /api/maintenance
├ ƒ /api/meal-plans
├ ƒ /api/migrate
├ ƒ /api/nearby
├ ƒ /api/pricing
├ ƒ /api/pricing-rules
├ ƒ /api/room-types
├ ƒ /api/rooms
├ ƒ /api/seed
├ ƒ /api/staff
├ ƒ /api/upload
├ ○ /book
├ ○ /contact
├ ○ /gallery
├ ○ /nearby
├ ○ /rooms
├ ƒ /rooms/[slug]
├ ○ /services
├ ○ /test-route
└ ○ /testimonials


○  (Static)   prerendered as static content
ƒ  (Dynamic)  server-rendered on demand

